Время ошибки: 06.10.2020 16:19:28 - Входная строка имела неверный формат.
Время ошибки: 06.10.2020 16:19:28 - Входная строка имела неверный формат.
Время ошибки: 06.10.2020 16:19:29 - Входная строка имела неверный формат.
Время ошибки: 06.10.2020 16:19:35 - Ошибка №2: Ссылка на объект не указывает на экземпляр объекта.
Время ошибки: 06.10.2020 16:19:47 - Ошибка №2: Ссылка на объект не указывает на экземпляр объекта.
Время ошибки: 06.10.2020 16:35:21 - Входная строка имела неверный формат.
Время ошибки: 06.10.2020 16:35:21 - Входная строка имела неверный формат.
Время ошибки: 06.10.2020 16:35:21 - Входная строка имела неверный формат.
Время ошибки: 06.10.2020 16:36:46 - Ссылка на объект не указывает на экземпляр объекта.
Время ошибки: 06.10.2020 16:36:51 - Ссылка на объект не указывает на экземпляр объекта.
Время ошибки: 06.10.2020 16:36:54 - Ссылка на объект не указывает на экземпляр объекта.
Время ошибки: 06.10.2020 16:37:33 - Ссылка на объект не указывает на экземпляр объекта.
Время ошибки: 06.10.2020 16:38:30 - Ссылка на объект не указывает на экземпляр объекта.
Время ошибки: 06.10.2020 16:40:00 - Ссылка на объект не указывает на экземпляр объекта.
Время ошибки: 06.10.2020 16:47:36 - Ссылка на объект не указывает на экземпляр объекта.
Время ошибки: 06.10.2020 17:57:28 - Ссылка на объект не указывает на экземпляр объекта.
Время ошибки: 06.10.2020 18:07:49 - Ссылка на объект не указывает на экземпляр объекта.
Время ошибки: 06.10.2020 18:10:16 - Ссылка на объект не указывает на экземпляр объекта.
Время ошибки: 06.10.2020 18:41:18 - Ссылка на объект не указывает на экземпляр объекта.
Время ошибки: 06.10.2020 18:50:26 - Ссылка на объект не указывает на экземпляр объекта.
Время ошибки: 06.10.2020 18:54:28 - Ссылка на объект не указывает на экземпляр объекта.
Время ошибки: 07.10.2020 12:01:33 - Ссылка на объект не указывает на экземпляр объекта.
Время ошибки: 07.10.2020 12:04:13 - Входная строка имела неверный формат.
Время ошибки: 20.10.2020 16:58:06 - Ссылка на объект не указывает на экземпляр объекта.
Время ошибки: 20.10.2020 19:26:33 - Ссылка на объект не указывает на экземпляр объекта.
Время ошибки: 20.10.2020 19:48:47 - ExeptioTable is Empty
Время ошибки: 20.10.2020 19:50:30 - ExeptioTable is Empty
Время ошибки: 23.11.2020 10:57:40 - ExeptioТакой спектральный класс уже есть
Время ошибки: 23.11.2020 10:57:51 - ExeptioВходная строка имела неверный формат.
Время ошибки: 23.11.2020 11:00:19 - ExeptioВходная строка имела неверный формат.
Время ошибки: 23.11.2020 11:00:35 - Ссылка на объект не указывает на экземпляр объекта.
Время ошибки: 23.11.2020 11:02:39 - ExeptioСсылка на объект не указывает на экземпляр объекта.
Время ошибки: 23.11.2020 11:38:20 - ExeptioТакой спектральный класс уже есть
